-------------------------------------------------------------------------------
Test set: CourierLoginTest
-------------------------------------------------------------------------------
Tests run: 4, Failures: 0, Errors: 1, Skipped: 0, Time elapsed: 65.046 s <<< FAILURE! - in CourierLoginTest
postCourierLoginWithoutPasswordField(CourierLoginTest)  Time elapsed: 61.769 s  <<< ERROR!
java.lang.IllegalStateException: 
Expected response body to be verified as JSON, HTML or XML but no content-type was defined in the response.
Try registering a default parser using:
   RestAssured.defaultParser(<parser type>);
Content was:
Service unavailable

	at CourierLoginTest.postCourierLoginWithoutPasswordField(CourierLoginTest.java:134)

